<?xml version="1.0" encoding="UTF-8"?>
<testng-results ignored="0" total="1" passed="1" failed="0" skipped="0">
  <reporter-output>
  </reporter-output>
  <suite started-at="2021-01-30T13:37:09 EST" name="Default suite" finished-at="2021-01-30T13:37:38 EST" duration-ms="28900">
    <groups>
      <group name="cucumber">
        <method signature="AbstractTestNGCucumberTests.runScenario(cucumber.api.testng.PickleEventWrapper, cucumber.api.testng.CucumberFeatureWrapper)[pri:0, instance:steps.RunnerFile@1f97cf0d]" name="runScenario" class="cucumber.api.testng.AbstractTestNGCucumberTests"/>
      </group> <!-- cucumber -->
    </groups>
    <test started-at="2021-01-30T13:37:09 EST" name="Default test" finished-at="2021-01-30T13:37:38 EST" duration-ms="28900">
      <class name="steps.RunnerFile">
        <test-method is-config="true" signature="setUpClass()[pri:0, instance:steps.RunnerFile@1f97cf0d]" started-at="2021-01-30T13:37:09 EST" name="setUpClass" finished-at="2021-01-30T13:37:09 EST" duration-ms="118" status="PASS">
          <reporter-output>
          </reporter-output>
        </test-method> <!-- setUpClass -->
        <test-method signature="runScenario(cucumber.api.testng.PickleEventWrapper, cucumber.api.testng.CucumberFeatureWrapper)[pri:0, instance:steps.RunnerFile@1f97cf0d]" started-at="2021-01-30T13:37:09 EST" name="runScenario" description="Runs Cucumber Scenarios" data-provider="scenarios" finished-at="2021-01-30T13:37:38 EST" duration-ms="28631" status="PASS">
          <params>
            <param index="0">
              <value>
                <![CDATA["TC004_Delete Lead"]]>
              </value>
            </param>
            <param index="1">
              <value>
                <![CDATA["Automating TestLeaf Application"]]>
              </value>
            </param>
          </params>
          <reporter-output>
          </reporter-output>
        </test-method> <!-- runScenario -->
        <test-method is-config="true" signature="tearDownClass()[pri:0, instance:steps.RunnerFile@1f97cf0d]" started-at="2021-01-30T13:37:38 EST" name="tearDownClass" finished-at="2021-01-30T13:37:38 EST" duration-ms="61" status="PASS">
          <reporter-output>
          </reporter-output>
        </test-method> <!-- tearDownClass -->
      </class> <!-- steps.RunnerFile -->
    </test> <!-- Default test -->
  </suite> <!-- Default suite -->
</testng-results>
